<?xml version="1.0" encoding="UTF-8"?>
<testng-results skipped="1" failed="1" total="8" passed="6">
  <reporter-output>
  </reporter-output>
  <suite name="MYSUITE" duration-ms="148" started-at="2014-03-07T10:31:38Z" finished-at="2014-03-07T10:31:38Z">
    <groups>
    </groups>
    <test name="LAUNCH SELENIUM SITE IN BROWSER" duration-ms="37" started-at="2014-03-07T10:31:38Z" finished-at="2014-03-07T10:31:38Z">
      <class name="testClasses.LaunchSeleniumHomePage">
        <test-method status="PASS" signature="beforeTest()[pri:0, instance:testClasses.LaunchSeleniumHomePage@1ba92bb]" name="beforeTest" is-config="true" duration-ms="26" started-at="2014-03-07T16:01:38Z" finished-at="2014-03-07T16:01:38Z">
          <reporter-output>
          </reporter-output>
        </test-method> <!-- beforeTest -->
        <test-method status="PASS" signature="oneTimeSetUp()[pri:0, instance:testClasses.LaunchSeleniumHomePage@1ba92bb]" name="oneTimeSetUp" is-config="true" duration-ms="0" started-at="2014-03-07T16:01:38Z" finished-at="2014-03-07T16:01:38Z">
          <reporter-output>
          </reporter-output>
        </test-method> <!-- oneTimeSetUp -->
        <test-method status="PASS" signature="test1()[pri:0, instance:testClasses.LaunchSeleniumHomePage@1ba92bb]" name="test1" duration-ms="1" started-at="2014-03-07T16:01:38Z" finished-at="2014-03-07T16:01:38Z">
          <reporter-output>
          </reporter-output>
        </test-method> <!-- test1 -->
        <test-method status="PASS" signature="oneTimeCloseUp()[pri:0, instance:testClasses.LaunchSeleniumHomePage@1ba92bb]" name="oneTimeCloseUp" is-config="true" duration-ms="4" started-at="2014-03-07T16:01:38Z" finished-at="2014-03-07T16:01:38Z">
          <reporter-output>
          </reporter-output>
        </test-method> <!-- oneTimeCloseUp -->
        <test-method status="PASS" signature="test2()[pri:0, instance:testClasses.LaunchSeleniumHomePage@1ba92bb]" name="test2" duration-ms="0" started-at="2014-03-07T16:01:38Z" finished-at="2014-03-07T16:01:38Z">
          <reporter-output>
          </reporter-output>
        </test-method> <!-- test2 -->
        <test-method status="PASS" signature="test3()[pri:0, instance:testClasses.LaunchSeleniumHomePage@1ba92bb]" name="test3" duration-ms="0" started-at="2014-03-07T16:01:38Z" finished-at="2014-03-07T16:01:38Z">
          <reporter-output>
          </reporter-output>
        </test-method> <!-- test3 -->
        <test-method status="PASS" signature="afterTest()[pri:0, instance:testClasses.LaunchSeleniumHomePage@1ba92bb]" name="afterTest" is-config="true" duration-ms="0" started-at="2014-03-07T16:01:38Z" finished-at="2014-03-07T16:01:38Z">
          <reporter-output>
          </reporter-output>
        </test-method> <!-- afterTest -->
      </class> <!-- testClasses.LaunchSeleniumHomePage -->
    </test> <!-- LAUNCH SELENIUM SITE IN BROWSER -->
    <test name="LOGIN IN TO SELENIUM SITE" duration-ms="4" started-at="2014-03-07T10:31:38Z" finished-at="2014-03-07T10:31:38Z">
      <class name="testClasses.Login_Application">
        <test-method status="PASS" signature="call_beforeclass()[pri:0, instance:testClasses.Login_Application@9c98e8]" name="call_beforeclass" is-config="true" duration-ms="0" started-at="2014-03-07T16:01:38Z" finished-at="2014-03-07T16:01:38Z">
          <reporter-output>
          </reporter-output>
        </test-method> <!-- call_beforeclass -->
        <test-method status="PASS" signature="confirmTheUserLoginStatus()[pri:0, instance:testClasses.Login_Application@9c98e8]" name="confirmTheUserLoginStatus" is-config="true" duration-ms="0" started-at="2014-03-07T16:01:38Z" finished-at="2014-03-07T16:01:38Z">
          <reporter-output>
          </reporter-output>
        </test-method> <!-- confirmTheUserLoginStatus -->
        <test-method status="PASS" signature="getActualValue_User()[pri:0, instance:testClasses.Login_Application@9c98e8]" name="getActualValue_User" duration-ms="0" started-at="2014-03-07T16:01:38Z" finished-at="2014-03-07T16:01:38Z">
          <reporter-output>
          </reporter-output>
        </test-method> <!-- getActualValue_User -->
        <test-method status="PASS" signature="fetchExpectedValue_User()[pri:0, instance:testClasses.Login_Application@9c98e8]" name="fetchExpectedValue_User" duration-ms="0" started-at="2014-03-07T16:01:38Z" finished-at="2014-03-07T16:01:38Z">
          <reporter-output>
          </reporter-output>
        </test-method> <!-- fetchExpectedValue_User -->
        <test-method status="FAIL" signature="compareLoggedUser()[pri:0, instance:testClasses.Login_Application@9c98e8]" name="compareLoggedUser" duration-ms="2" started-at="2014-03-07T16:01:38Z" depends-on-methods="testClasses.Login_Application.fetchExpectedValue_User, testClasses.Login_Application.getActualValue_User" finished-at="2014-03-07T16:01:38Z">
          <exception class="java.lang.AssertionError">
            <message>
              <![CDATA[User IDs Do Not Match expected [true] but found [false]]]>
            </message>
            <full-stacktrace>
              <![CDATA[java.lang.AssertionError: User IDs Do Not Match expected [true] but found [false]
	at org.testng.Assert.fail(Assert.java:94)
	at org.testng.Assert.failNotEquals(Assert.java:494)
	at org.testng.Assert.assertTrue(Assert.java:42)
	at testClasses.Login_Application.compareLoggedUser(Login_Application.java:50)
	at sun.reflect.NativeMethodAccessorImpl.invoke0(Native Method)
	at sun.reflect.NativeMethodAccessorImpl.invoke(NativeMethodAccessorImpl.java:57)
	at sun.reflect.DelegatingMethodAccessorImpl.invoke(DelegatingMethodAccessorImpl.java:43)
	at java.lang.reflect.Method.invoke(Method.java:606)
	at org.testng.internal.MethodInvocationHelper.invokeMethod(MethodInvocationHelper.java:84)
	at org.testng.internal.Invoker.invokeMethod(Invoker.java:714)
	at org.testng.internal.Invoker.invokeTestMethod(Invoker.java:901)
	at org.testng.internal.Invoker.invokeTestMethods(Invoker.java:1231)
	at org.testng.internal.TestMethodWorker.invokeTestMethods(TestMethodWorker.java:127)
	at org.testng.internal.TestMethodWorker.run(TestMethodWorker.java:111)
	at org.testng.TestRunner.privateRun(TestRunner.java:767)
	at org.testng.TestRunner.run(TestRunner.java:617)
	at org.testng.SuiteRunner.runTest(SuiteRunner.java:334)
	at org.testng.SuiteRunner.runSequentially(SuiteRunner.java:329)
	at org.testng.SuiteRunner.privateRun(SuiteRunner.java:291)
	at org.testng.SuiteRunner.run(SuiteRunner.java:240)
	at org.testng.SuiteRunnerWorker.runSuite(SuiteRunnerWorker.java:52)
	at org.testng.SuiteRunnerWorker.run(SuiteRunnerWorker.java:86)
	at org.testng.TestNG.runSuitesSequentially(TestNG.java:1224)
	at org.testng.TestNG.runSuitesLocally(TestNG.java:1149)
	at org.testng.TestNG.run(TestNG.java:1057)
	at org.testng.TestNG.privateMain(TestNG.java:1364)
	at org.testng.TestNG.main(TestNG.java:1333)
]]>
            </full-stacktrace>
          </exception> <!-- java.lang.AssertionError -->
          <reporter-output>
          </reporter-output>
        </test-method> <!-- compareLoggedUser -->
        <test-method status="SKIP" signature="CheckLoggedUserLink_HomePage()[pri:0, instance:testClasses.Login_Application@9c98e8]" name="CheckLoggedUserLink_HomePage" duration-ms="0" started-at="2014-03-07T16:01:38Z" depends-on-methods="testClasses.Login_Application.compareLoggedUser" finished-at="2014-03-07T16:01:38Z">
          <reporter-output>
          </reporter-output>
        </test-method> <!-- CheckLoggedUserLink_HomePage -->
        <test-method status="PASS" signature="call_afterclass()[pri:0, instance:testClasses.Login_Application@9c98e8]" name="call_afterclass" is-config="true" duration-ms="0" started-at="2014-03-07T16:01:38Z" finished-at="2014-03-07T16:01:38Z">
          <reporter-output>
          </reporter-output>
        </test-method> <!-- call_afterclass -->
      </class> <!-- testClasses.Login_Application -->
    </test> <!-- LOGIN IN TO SELENIUM SITE -->
    <test name="VERIFY THE INBOX" duration-ms="1" started-at="2014-03-07T10:31:38Z" finished-at="2014-03-07T10:31:38Z">
      <class name="testClasses.VerifyInbox">
        <test-method status="PASS" signature="afterClass()[pri:0, instance:testClasses.VerifyInbox@974e4b]" name="afterClass" is-config="true" duration-ms="1" started-at="2014-03-07T16:01:38Z" finished-at="2014-03-07T16:01:38Z">
          <reporter-output>
          </reporter-output>
        </test-method> <!-- afterClass -->
        <test-method status="PASS" signature="beforeClass()[pri:0, instance:testClasses.VerifyInbox@974e4b]" name="beforeClass" is-config="true" duration-ms="0" started-at="2014-03-07T16:01:38Z" finished-at="2014-03-07T16:01:38Z">
          <reporter-output>
          </reporter-output>
        </test-method> <!-- beforeClass -->
        <test-method status="PASS" signature="checkEmail()[pri:0, instance:testClasses.VerifyInbox@974e4b]" name="checkEmail" duration-ms="0" started-at="2014-03-07T16:01:38Z" finished-at="2014-03-07T16:01:38Z">
          <reporter-output>
          </reporter-output>
        </test-method> <!-- checkEmail -->
      </class> <!-- testClasses.VerifyInbox -->
    </test> <!-- VERIFY THE INBOX -->
  </suite> <!-- MYSUITE -->
</testng-results>
